1557398012.963332 client started (24892): version 2.6, socket /tmp/tmux-1000/default, protocol 8
1557398012.963350 on Linux 4.18.0-1014-azure #14~18.04.1-Ubuntu SMP Mon Mar 18 16:15:53 UTC 2019; libevent 2.1.8-stable (poll)
1557398012.963363 socket is /tmp/tmux-1000/default
1557398012.963374 trying connect
1557398012.963385 connect failed: Connection refused
1557398012.963390 lock file is /tmp/tmux-1000/default.lock
1557398012.963411 flock succeeded
1557398012.963413 got lock (6)
1557398012.963417 trying connect
1557398012.963422 connect failed: Connection refused
1557398012.963592 add peer 0x564538e00b20: 7 ((nil))
1557398012.963754 sending message 100 to peer 0x564538e00b20 (4 bytes)
1557398012.963766 sending message 101 to peer 0x564538e00b20 (15 bytes)
1557398012.963788 sending message 102 to peer 0x564538e00b20 (11 bytes)
1557398012.963793 sending message 108 to peer 0x564538e00b20 (34 bytes)
1557398012.963799 sending message 104 to peer 0x564538e00b20 (0 bytes)
1557398012.963805 sending message 107 to peer 0x564538e00b20 (4 bytes)
1557398012.963810 sending message 105 to peer 0x564538e00b20 (15 bytes)
1557398012.963819 sending message 105 to peer 0x564538e00b20 (18 bytes)
1557398012.963824 sending message 105 to peer 0x564538e00b20 (21 bytes)
1557398012.963830 sending message 105 to peer 0x564538e00b20 (167 bytes)
1557398012.963835 sending message 105 to peer 0x564538e00b20 (25 bytes)
1557398012.963840 sending message 105 to peer 0x564538e00b20 (19 bytes)
1557398012.963845 sending message 105 to peer 0x564538e00b20 (33 bytes)
1557398012.963850 sending message 105 to peer 0x564538e00b20 (46 bytes)
1557398012.963855 sending message 105 to peer 0x564538e00b20 (19 bytes)
1557398012.963860 sending message 105 to peer 0x564538e00b20 (20 bytes)
1557398012.963864 sending message 105 to peer 0x564538e00b20 (19 bytes)
1557398012.963869 sending message 105 to peer 0x564538e00b20 (31 bytes)
1557398012.963874 sending message 105 to peer 0x564538e00b20 (13 bytes)
1557398012.963879 sending message 105 to peer 0x564538e00b20 (8 bytes)
1557398012.963884 sending message 105 to peer 0x564538e00b20 (38 bytes)
1557398012.963889 sending message 105 to peer 0x564538e00b20 (41 bytes)
1557398012.963897 sending message 105 to peer 0x564538e00b20 (16 bytes)
1557398012.963902 sending message 105 to peer 0x564538e00b20 (22 bytes)
1557398012.963907 sending message 105 to peer 0x564538e00b20 (31 bytes)
1557398012.963912 sending message 105 to peer 0x564538e00b20 (11 bytes)
1557398012.963917 sending message 105 to peer 0x564538e00b20 (8 bytes)
1557398012.963921 sending message 105 to peer 0x564538e00b20 (17 bytes)
1557398012.963926 sending message 105 to peer 0x564538e00b20 (32 bytes)
1557398012.963932 sending message 105 to peer 0x564538e00b20 (1516 bytes)
1557398012.963946 sending message 105 to peer 0x564538e00b20 (25 bytes)
1557398012.963952 sending message 105 to peer 0x564538e00b20 (73 bytes)
1557398012.963957 sending message 105 to peer 0x564538e00b20 (29 bytes)
1557398012.963962 sending message 105 to peer 0x564538e00b20 (16 bytes)
1557398012.963967 sending message 105 to peer 0x564538e00b20 (56 bytes)
1557398012.963972 sending message 105 to peer 0x564538e00b20 (32 bytes)
1557398012.963978 sending message 105 to peer 0x564538e00b20 (35 bytes)
1557398012.963983 sending message 105 to peer 0x564538e00b20 (38 bytes)
1557398012.963988 sending message 105 to peer 0x564538e00b20 (20 bytes)
1557398012.963993 sending message 105 to peer 0x564538e00b20 (46 bytes)
1557398012.963998 sending message 105 to peer 0x564538e00b20 (16 bytes)
1557398012.964004 sending message 106 to peer 0x564538e00b20 (0 bytes)
1557398012.964009 sending message 200 to peer 0x564538e00b20 (4 bytes)
1557398012.964014 client loop enter
1557398012.972569 peer 0x564538e00b20 message 207
1557398012.972595 sending message 208 to peer 0x564538e00b20 (0 bytes)
1557398014.875309 peer 0x564538e00b20 message 203
1557398014.875317 sending message 205 to peer 0x564538e00b20 (0 bytes)
1557398014.875528 peer 0x564538e00b20 message 204
1557398014.875533 client loop exit
